c:\projects\lexbrush\bin-int\debug-windows-x86_64\lexbrush\stb_image.obj
c:\projects\lexbrush\bin-int\debug-windows-x86_64\lexbrush\test.obj
c:\projects\lexbrush\bin-int\debug-windows-x86_64\lexbrush\vertexbuffer.obj
c:\projects\lexbrush\bin-int\debug-windows-x86_64\lexbrush\shader.obj
c:\projects\lexbrush\bin-int\debug-windows-x86_64\lexbrush\indexbuffer.obj
c:\projects\lexbrush\bin-int\debug-windows-x86_64\lexbrush\vertexarray.obj
c:\projects\lexbrush\bin-int\debug-windows-x86_64\lexbrush\vertexbufferlayout.obj
c:\projects\lexbrush\bin-int\debug-windows-x86_64\lexbrush\renderer.obj
c:\projects\lexbrush\bin-int\debug-windows-x86_64\lexbrush\texture.obj
c:\projects\lexbrush\bin-int\debug-windows-x86_64\lexbrush\blender.obj
c:\projects\lexbrush\bin-int\debug-windows-x86_64\lexbrush\lbpch.obj
c:\projects\lexbrush\bin-int\debug-windows-x86_64\lexbrush\lexbrush.pdb
c:\projects\lexbrush\bin-int\debug-windows-x86_64\lexbrush\lexbrush.idb
c:\projects\lexbrush\bin\debug-windows-x86_64\lexbrush\lexbrush.lib
c:\projects\lexbrush\bin-int\debug-windows-x86_64\lexbrush\lexbrush.pch
c:\projects\lexbrush\lexbrush\..\bin\debug-windows-x86_64\lexbrush\lexbrush.lib
c:\projects\lexbrush\bin-int\debug-windows-x86_64\lexbrush\lexbrush.tlog\cl.command.1.tlog
c:\projects\lexbrush\bin-int\debug-windows-x86_64\lexbrush\lexbrush.tlog\cl.read.1.tlog
c:\projects\lexbrush\bin-int\debug-windows-x86_64\lexbrush\lexbrush.tlog\cl.write.1.tlog
c:\projects\lexbrush\bin-int\debug-windows-x86_64\lexbrush\lexbrush.tlog\lib-link.read.1.tlog
c:\projects\lexbrush\bin-int\debug-windows-x86_64\lexbrush\lexbrush.tlog\lib-link.write.1.tlog
c:\projects\lexbrush\bin-int\debug-windows-x86_64\lexbrush\lexbrush.tlog\lib.command.1.tlog
